C:\Program Files (x86)\Microsoft Visual Studio\2019\Community\MSBuild\Microsoft\VC\v160\Microsoft.CppBuild.targets(499,5): warning MSB8004: El directorio Output no termina con una barra diagonal final. Esta instancia de compilación agregará la barra diagonal porque es necesaria para que se pueda evaluar correctamente el directorio Output.
  DeAcceleration.cpp
C:\Users\34690\OneDrive\Documentos\SEGUNDO DE CARRERA\SEGUNDO CUATRIMESTRE\TPV2\Práctica\Asteroids\Práctica\PARTE_2\TPV2\TPV2\src\components\DeAcceleration.cpp(19,14): error C2039: "getComponent": no es un miembro de "ecs::Entity"
C:\Users\34690\OneDrive\Documentos\SEGUNDO DE CARRERA\SEGUNDO CUATRIMESTRE\TPV2\Práctica\Asteroids\Práctica\PARTE_2\TPV2\TPV2\src\ecs\Entity.h(26): message : vea la declaración de 'ecs::Entity'
C:\Users\34690\OneDrive\Documentos\SEGUNDO DE CARRERA\SEGUNDO CUATRIMESTRE\TPV2\Práctica\Asteroids\Práctica\PARTE_2\TPV2\TPV2\src\components\DeAcceleration.cpp(19,38): error C2059: error de sintaxis: ')'
  DisableOnExit.cpp
C:\Users\34690\OneDrive\Documentos\SEGUNDO DE CARRERA\SEGUNDO CUATRIMESTRE\TPV2\Práctica\Asteroids\Práctica\PARTE_2\TPV2\TPV2\src\components\DisableOnExit.cpp(19,16): error C2039: "getComponent": no es un miembro de "ecs::Entity"
C:\Users\34690\OneDrive\Documentos\SEGUNDO DE CARRERA\SEGUNDO CUATRIMESTRE\TPV2\Práctica\Asteroids\Práctica\PARTE_2\TPV2\TPV2\src\ecs\Entity.h(26): message : vea la declaración de 'ecs::Entity'
C:\Users\34690\OneDrive\Documentos\SEGUNDO DE CARRERA\SEGUNDO CUATRIMESTRE\TPV2\Práctica\Asteroids\Práctica\PARTE_2\TPV2\TPV2\src\components\DisableOnExit.cpp(19,40): error C2059: error de sintaxis: ')'
C:\Users\34690\OneDrive\Documentos\SEGUNDO DE CARRERA\SEGUNDO CUATRIMESTRE\TPV2\Práctica\Asteroids\Práctica\PARTE_2\TPV2\TPV2\src\components\DisableOnExit.cpp(26,15): error C2039: "setAlive": no es un miembro de "ecs::Entity"
C:\Users\34690\OneDrive\Documentos\SEGUNDO DE CARRERA\SEGUNDO CUATRIMESTRE\TPV2\Práctica\Asteroids\Práctica\PARTE_2\TPV2\TPV2\src\ecs\Entity.h(26): message : vea la declaración de 'ecs::Entity'
C:\Users\34690\OneDrive\Documentos\SEGUNDO DE CARRERA\SEGUNDO CUATRIMESTRE\TPV2\Práctica\Asteroids\Práctica\PARTE_2\TPV2\TPV2\src\components\DisableOnExit.cpp(31,15): error C2039: "setAlive": no es un miembro de "ecs::Entity"
C:\Users\34690\OneDrive\Documentos\SEGUNDO DE CARRERA\SEGUNDO CUATRIMESTRE\TPV2\Práctica\Asteroids\Práctica\PARTE_2\TPV2\TPV2\src\ecs\Entity.h(26): message : vea la declaración de 'ecs::Entity'
  Follow.cpp
C:\Users\34690\OneDrive\Documentos\SEGUNDO DE CARRERA\SEGUNDO CUATRIMESTRE\TPV2\Práctica\Asteroids\Práctica\PARTE_2\TPV2\TPV2\src\components\Follow.cpp(18,14): error C2039: "getComponent": no es un miembro de "ecs::Entity"
C:\Users\34690\OneDrive\Documentos\SEGUNDO DE CARRERA\SEGUNDO CUATRIMESTRE\TPV2\Práctica\Asteroids\Práctica\PARTE_2\TPV2\TPV2\src\ecs\Entity.h(26): message : vea la declaración de 'ecs::Entity'
C:\Users\34690\OneDrive\Documentos\SEGUNDO DE CARRERA\SEGUNDO CUATRIMESTRE\TPV2\Práctica\Asteroids\Práctica\PARTE_2\TPV2\TPV2\src\components\Follow.cpp(18,38): error C2059: error de sintaxis: ')'
C:\Users\34690\OneDrive\Documentos\SEGUNDO DE CARRERA\SEGUNDO CUATRIMESTRE\TPV2\Práctica\Asteroids\Práctica\PARTE_2\TPV2\TPV2\src\components\Follow.cpp(20,18): error C2039: "getComponent": no es un miembro de "ecs::Entity"
C:\Users\34690\OneDrive\Documentos\SEGUNDO DE CARRERA\SEGUNDO CUATRIMESTRE\TPV2\Práctica\Asteroids\Práctica\PARTE_2\TPV2\TPV2\src\ecs\Entity.h(26): message : vea la declaración de 'ecs::Entity'
C:\Users\34690\OneDrive\Documentos\SEGUNDO DE CARRERA\SEGUNDO CUATRIMESTRE\TPV2\Práctica\Asteroids\Práctica\PARTE_2\TPV2\TPV2\src\components\Follow.cpp(20,42): error C2059: error de sintaxis: ')'
  FramedImage.cpp
C:\Users\34690\OneDrive\Documentos\SEGUNDO DE CARRERA\SEGUNDO CUATRIMESTRE\TPV2\Práctica\Asteroids\Práctica\PARTE_2\TPV2\TPV2\src\components\FramedImage.cpp(16,35): warning C4244: '=': conversión de 'Uint32' a 'float'; posible pérdida de datos
C:\Users\34690\OneDrive\Documentos\SEGUNDO DE CARRERA\SEGUNDO CUATRIMESTRE\TPV2\Práctica\Asteroids\Práctica\PARTE_2\TPV2\TPV2\src\components\FramedImage.cpp(32,14): error C2039: "getComponent": no es un miembro de "ecs::Entity"
C:\Users\34690\OneDrive\Documentos\SEGUNDO DE CARRERA\SEGUNDO CUATRIMESTRE\TPV2\Práctica\Asteroids\Práctica\PARTE_2\TPV2\TPV2\src\ecs\Entity.h(26): message : vea la declaración de 'ecs::Entity'
C:\Users\34690\OneDrive\Documentos\SEGUNDO DE CARRERA\SEGUNDO CUATRIMESTRE\TPV2\Práctica\Asteroids\Práctica\PARTE_2\TPV2\TPV2\src\components\FramedImage.cpp(32,38): error C2059: error de sintaxis: ')'
C:\Users\34690\OneDrive\Documentos\SEGUNDO DE CARRERA\SEGUNDO CUATRIMESTRE\TPV2\Práctica\Asteroids\Práctica\PARTE_2\TPV2\TPV2\src\components\FramedImage.cpp(46,36): warning C4244: '=': conversión de 'Uint32' a 'float'; posible pérdida de datos
  GameCtrl.cpp
C:\Users\34690\OneDrive\Documentos\SEGUNDO DE CARRERA\SEGUNDO CUATRIMESTRE\TPV2\Práctica\Asteroids\Práctica\PARTE_2\TPV2\TPV2\src\components\GameCtrl.cpp(31,21): error C2039: "getComponent": no es un miembro de "ecs::Entity"
C:\Users\34690\OneDrive\Documentos\SEGUNDO DE CARRERA\SEGUNDO CUATRIMESTRE\TPV2\Práctica\Asteroids\Práctica\PARTE_2\TPV2\TPV2\src\ecs\Entity.h(26): message : vea la declaración de 'ecs::Entity'
C:\Users\34690\OneDrive\Documentos\SEGUNDO DE CARRERA\SEGUNDO CUATRIMESTRE\TPV2\Práctica\Asteroids\Práctica\PARTE_2\TPV2\TPV2\src\components\GameCtrl.cpp(31,41): error C2059: error de sintaxis: ')'
C:\Users\34690\OneDrive\Documentos\SEGUNDO DE CARRERA\SEGUNDO CUATRIMESTRE\TPV2\Práctica\Asteroids\Práctica\PARTE_2\TPV2\TPV2\src\components\GameCtrl.cpp(33,54): error C2039: "getComponent": no es un miembro de "ecs::Entity"
C:\Users\34690\OneDrive\Documentos\SEGUNDO DE CARRERA\SEGUNDO CUATRIMESTRE\TPV2\Práctica\Asteroids\Práctica\PARTE_2\TPV2\TPV2\src\ecs\Entity.h(26): message : vea la declaración de 'ecs::Entity'
C:\Users\34690\OneDrive\Documentos\SEGUNDO DE CARRERA\SEGUNDO CUATRIMESTRE\TPV2\Práctica\Asteroids\Práctica\PARTE_2\TPV2\TPV2\src\components\GameCtrl.cpp(33,75): error C2059: error de sintaxis: ')'
C:\Users\34690\OneDrive\Documentos\SEGUNDO DE CARRERA\SEGUNDO CUATRIMESTRE\TPV2\Práctica\Asteroids\Práctica\PARTE_2\TPV2\TPV2\src\components\GameCtrl.cpp(34,21): error C3536: 'states': no se puede usar antes de inicializarse
C:\Users\34690\OneDrive\Documentos\SEGUNDO DE CARRERA\SEGUNDO CUATRIMESTRE\TPV2\Práctica\Asteroids\Práctica\PARTE_2\TPV2\TPV2\src\components\GameCtrl.cpp(35,5): error C3536: 'state': no se puede usar antes de inicializarse
C:\Users\34690\OneDrive\Documentos\SEGUNDO DE CARRERA\SEGUNDO CUATRIMESTRE\TPV2\Práctica\Asteroids\Práctica\PARTE_2\TPV2\TPV2\src\components\GameCtrl.cpp(43,14): error C3536: 'cazavida': no se puede usar antes de inicializarse
  Generations.cpp
  Gun.cpp
C:\Users\34690\OneDrive\Documentos\SEGUNDO DE CARRERA\SEGUNDO CUATRIMESTRE\TPV2\Práctica\Asteroids\Práctica\PARTE_2\TPV2\TPV2\src\components\Gun.cpp(17,35): warning C4244: '=': conversión de 'Uint32' a 'float'; posible pérdida de datos
C:\Users\34690\OneDrive\Documentos\SEGUNDO DE CARRERA\SEGUNDO CUATRIMESTRE\TPV2\Práctica\Asteroids\Práctica\PARTE_2\TPV2\TPV2\src\components\Gun.cpp(24,14): error C2039: "getComponent": no es un miembro de "ecs::Entity"
C:\Users\34690\OneDrive\Documentos\SEGUNDO DE CARRERA\SEGUNDO CUATRIMESTRE\TPV2\Práctica\Asteroids\Práctica\PARTE_2\TPV2\TPV2\src\ecs\Entity.h(26): message : vea la declaración de 'ecs::Entity'
C:\Users\34690\OneDrive\Documentos\SEGUNDO DE CARRERA\SEGUNDO CUATRIMESTRE\TPV2\Práctica\Asteroids\Práctica\PARTE_2\TPV2\TPV2\src\components\Gun.cpp(24,38): error C2059: error de sintaxis: ')'
C:\Users\34690\OneDrive\Documentos\SEGUNDO DE CARRERA\SEGUNDO CUATRIMESTRE\TPV2\Práctica\Asteroids\Práctica\PARTE_2\TPV2\TPV2\src\components\Gun.cpp(31,58): error C2039: "getComponent": no es un miembro de "ecs::Entity"
C:\Users\34690\OneDrive\Documentos\SEGUNDO DE CARRERA\SEGUNDO CUATRIMESTRE\TPV2\Práctica\Asteroids\Práctica\PARTE_2\TPV2\TPV2\src\ecs\Entity.h(26): message : vea la declaración de 'ecs::Entity'
C:\Users\34690\OneDrive\Documentos\SEGUNDO DE CARRERA\SEGUNDO CUATRIMESTRE\TPV2\Práctica\Asteroids\Práctica\PARTE_2\TPV2\TPV2\src\components\Gun.cpp(31,78): error C2059: error de sintaxis: ')'
C:\Users\34690\OneDrive\Documentos\SEGUNDO DE CARRERA\SEGUNDO CUATRIMESTRE\TPV2\Práctica\Asteroids\Práctica\PARTE_2\TPV2\TPV2\src\components\Gun.cpp(34,5): error C3536: 'gmanager': no se puede usar antes de inicializarse
C:\Users\34690\OneDrive\Documentos\SEGUNDO DE CARRERA\SEGUNDO CUATRIMESTRE\TPV2\Práctica\Asteroids\Práctica\PARTE_2\TPV2\TPV2\src\components\Gun.cpp(42,19): error C2039: "addComponet": no es un miembro de "ecs::Entity"
C:\Users\34690\OneDrive\Documentos\SEGUNDO DE CARRERA\SEGUNDO CUATRIMESTRE\TPV2\Práctica\Asteroids\Práctica\PARTE_2\TPV2\TPV2\src\ecs\Entity.h(26): message : vea la declaración de 'ecs::Entity'
C:\Users\34690\OneDrive\Documentos\SEGUNDO DE CARRERA\SEGUNDO CUATRIMESTRE\TPV2\Práctica\Asteroids\Práctica\PARTE_2\TPV2\TPV2\src\components\Gun.cpp(42,42): error C2059: error de sintaxis: ')'
C:\Users\34690\OneDrive\Documentos\SEGUNDO DE CARRERA\SEGUNDO CUATRIMESTRE\TPV2\Práctica\Asteroids\Práctica\PARTE_2\TPV2\TPV2\src\components\Gun.cpp(49,8): error C3536: 'trS': no se puede usar antes de inicializarse
C:\Users\34690\OneDrive\Documentos\SEGUNDO DE CARRERA\SEGUNDO CUATRIMESTRE\TPV2\Práctica\Asteroids\Práctica\PARTE_2\TPV2\TPV2\src\components\Gun.cpp(51,8): error C2039: "addComponet": no es un miembro de "ecs::Entity"
C:\Users\34690\OneDrive\Documentos\SEGUNDO DE CARRERA\SEGUNDO CUATRIMESTRE\TPV2\Práctica\Asteroids\Práctica\PARTE_2\TPV2\TPV2\src\ecs\Entity.h(26): message : vea la declaración de 'ecs::Entity'
C:\Users\34690\OneDrive\Documentos\SEGUNDO DE CARRERA\SEGUNDO CUATRIMESTRE\TPV2\Práctica\Asteroids\Práctica\PARTE_2\TPV2\TPV2\src\components\Gun.cpp(52,8): error C2039: "addComponet": no es un miembro de "ecs::Entity"
C:\Users\34690\OneDrive\Documentos\SEGUNDO DE CARRERA\SEGUNDO CUATRIMESTRE\TPV2\Práctica\Asteroids\Práctica\PARTE_2\TPV2\TPV2\src\ecs\Entity.h(26): message : vea la declaración de 'ecs::Entity'
C:\Users\34690\OneDrive\Documentos\SEGUNDO DE CARRERA\SEGUNDO CUATRIMESTRE\TPV2\Práctica\Asteroids\Práctica\PARTE_2\TPV2\TPV2\src\components\Gun.cpp(52,35): error C2059: error de sintaxis: ')'
C:\Users\34690\OneDrive\Documentos\SEGUNDO DE CARRERA\SEGUNDO CUATRIMESTRE\TPV2\Práctica\Asteroids\Práctica\PARTE_2\TPV2\TPV2\src\components\Gun.cpp(53,38): warning C4244: '=': conversión de 'Uint32' a 'float'; posible pérdida de datos
  Health.cpp
C:\Users\34690\OneDrive\Documentos\SEGUNDO DE CARRERA\SEGUNDO CUATRIMESTRE\TPV2\Práctica\Asteroids\Práctica\PARTE_2\TPV2\TPV2\src\components\Health.cpp(25,20): warning C4018: '<': no coinciden signed/unsigned
  Image.cpp
C:\Users\34690\OneDrive\Documentos\SEGUNDO DE CARRERA\SEGUNDO CUATRIMESTRE\TPV2\Práctica\Asteroids\Práctica\PARTE_2\TPV2\TPV2\src\components\Image.cpp(24,14): error C2039: "getComponent": no es un miembro de "ecs::Entity"
C:\Users\34690\OneDrive\Documentos\SEGUNDO DE CARRERA\SEGUNDO CUATRIMESTRE\TPV2\Práctica\Asteroids\Práctica\PARTE_2\TPV2\TPV2\src\ecs\Entity.h(26): message : vea la declaración de 'ecs::Entity'
C:\Users\34690\OneDrive\Documentos\SEGUNDO DE CARRERA\SEGUNDO CUATRIMESTRE\TPV2\Práctica\Asteroids\Práctica\PARTE_2\TPV2\TPV2\src\components\Image.cpp(24,38): error C2059: error de sintaxis: ')'
  FighterControl.cpp
C:\Users\34690\OneDrive\Documentos\SEGUNDO DE CARRERA\SEGUNDO CUATRIMESTRE\TPV2\Práctica\Asteroids\Práctica\PARTE_2\TPV2\TPV2\src\components\FighterControl.cpp(23,14): error C2039: "getComponent": no es un miembro de "ecs::Entity"
C:\Users\34690\OneDrive\Documentos\SEGUNDO DE CARRERA\SEGUNDO CUATRIMESTRE\TPV2\Práctica\Asteroids\Práctica\PARTE_2\TPV2\TPV2\src\ecs\Entity.h(26): message : vea la declaración de 'ecs::Entity'
C:\Users\34690\OneDrive\Documentos\SEGUNDO DE CARRERA\SEGUNDO CUATRIMESTRE\TPV2\Práctica\Asteroids\Práctica\PARTE_2\TPV2\TPV2\src\components\FighterControl.cpp(23,38): error C2059: error de sintaxis: ')'
C:\Users\34690\OneDrive\Documentos\SEGUNDO DE CARRERA\SEGUNDO CUATRIMESTRE\TPV2\Práctica\Asteroids\Práctica\PARTE_2\TPV2\TPV2\src\components\FighterControl.cpp(28,58): error C2039: "getComponent": no es un miembro de "ecs::Entity"
C:\Users\34690\OneDrive\Documentos\SEGUNDO DE CARRERA\SEGUNDO CUATRIMESTRE\TPV2\Práctica\Asteroids\Práctica\PARTE_2\TPV2\TPV2\src\ecs\Entity.h(26): message : vea la declaración de 'ecs::Entity'
C:\Users\34690\OneDrive\Documentos\SEGUNDO DE CARRERA\SEGUNDO CUATRIMESTRE\TPV2\Práctica\Asteroids\Práctica\PARTE_2\TPV2\TPV2\src\components\FighterControl.cpp(28,78): error C2059: error de sintaxis: ')'
C:\Users\34690\OneDrive\Documentos\SEGUNDO DE CARRERA\SEGUNDO CUATRIMESTRE\TPV2\Práctica\Asteroids\Práctica\PARTE_2\TPV2\TPV2\src\components\FighterControl.cpp(31,5): error C3536: 'gmanager': no se puede usar antes de inicializarse
  ShowAtOpposideSide.cpp
C:\Users\34690\OneDrive\Documentos\SEGUNDO DE CARRERA\SEGUNDO CUATRIMESTRE\TPV2\Práctica\Asteroids\Práctica\PARTE_2\TPV2\TPV2\src\components\ShowAtOpposideSide.cpp(16,14): error C2039: "getComponent": no es un miembro de "ecs::Entity"
C:\Users\34690\OneDrive\Documentos\SEGUNDO DE CARRERA\SEGUNDO CUATRIMESTRE\TPV2\Práctica\Asteroids\Práctica\PARTE_2\TPV2\TPV2\src\ecs\Entity.h(26): message : vea la declaración de 'ecs::Entity'
C:\Users\34690\OneDrive\Documentos\SEGUNDO DE CARRERA\SEGUNDO CUATRIMESTRE\TPV2\Práctica\Asteroids\Práctica\PARTE_2\TPV2\TPV2\src\components\ShowAtOpposideSide.cpp(16,38): error C2059: error de sintaxis: ')'
C:\Users\34690\OneDrive\Documentos\SEGUNDO DE CARRERA\SEGUNDO CUATRIMESTRE\TPV2\Práctica\Asteroids\Práctica\PARTE_2\TPV2\TPV2\src\components\ShowAtOpposideSide.cpp(25,27): warning C4244: 'argumento': conversión de 'int' a 'float'; posible pérdida de datos
C:\Users\34690\OneDrive\Documentos\SEGUNDO DE CARRERA\SEGUNDO CUATRIMESTRE\TPV2\Práctica\Asteroids\Práctica\PARTE_2\TPV2\TPV2\src\components\ShowAtOpposideSide.cpp(28,40): warning C4244: 'argumento': conversión de 'int' a 'float'; posible pérdida de datos
  State.cpp
  StopOnBorders.cpp
C:\Users\34690\OneDrive\Documentos\SEGUNDO DE CARRERA\SEGUNDO CUATRIMESTRE\TPV2\Práctica\Asteroids\Práctica\PARTE_2\TPV2\TPV2\src\components\StopOnBorders.cpp(19,14): error C2039: "getComponent": no es un miembro de "ecs::Entity"
C:\Users\34690\OneDrive\Documentos\SEGUNDO DE CARRERA\SEGUNDO CUATRIMESTRE\TPV2\Práctica\Asteroids\Práctica\PARTE_2\TPV2\TPV2\src\ecs\Entity.h(26): message : vea la declaración de 'ecs::Entity'
C:\Users\34690\OneDrive\Documentos\SEGUNDO DE CARRERA\SEGUNDO CUATRIMESTRE\TPV2\Práctica\Asteroids\Práctica\PARTE_2\TPV2\TPV2\src\components\StopOnBorders.cpp(19,38): error C2059: error de sintaxis: ')'
  Manager.cpp
  AsteroidsManager.cpp
C:\Users\34690\OneDrive\Documentos\SEGUNDO DE CARRERA\SEGUNDO CUATRIMESTRE\TPV2\Práctica\Asteroids\Práctica\PARTE_2\TPV2\TPV2\src\game\AsteroidsManager.cpp(45,38): warning C4244: 'argumento': conversión de 'int' a 'float'; posible pérdida de datos
C:\Users\34690\OneDrive\Documentos\SEGUNDO DE CARRERA\SEGUNDO CUATRIMESTRE\TPV2\Práctica\Asteroids\Práctica\PARTE_2\TPV2\TPV2\src\game\AsteroidsManager.cpp(45,35): warning C4244: 'argumento': conversión de 'int' a 'float'; posible pérdida de datos
C:\Users\34690\OneDrive\Documentos\SEGUNDO DE CARRERA\SEGUNDO CUATRIMESTRE\TPV2\Práctica\Asteroids\Práctica\PARTE_2\TPV2\TPV2\src\game\AsteroidsManager.cpp(51,89): warning C4244: 'argumento': conversión de 'int' a 'float'; posible pérdida de datos
C:\Users\34690\OneDrive\Documentos\SEGUNDO DE CARRERA\SEGUNDO CUATRIMESTRE\TPV2\Práctica\Asteroids\Práctica\PARTE_2\TPV2\TPV2\src\game\AsteroidsManager.cpp(51,51): warning C4244: 'argumento': conversión de 'int' a 'float'; posible pérdida de datos
C:\Users\34690\OneDrive\Documentos\SEGUNDO DE CARRERA\SEGUNDO CUATRIMESTRE\TPV2\Práctica\Asteroids\Práctica\PARTE_2\TPV2\TPV2\src\game\AsteroidsManager.cpp(59,26): error C2039: "addComponet": no es un miembro de "ecs::Entity"
C:\Users\34690\OneDrive\Documentos\SEGUNDO DE CARRERA\SEGUNDO CUATRIMESTRE\TPV2\Práctica\Asteroids\Práctica\PARTE_2\TPV2\TPV2\src\ecs\Entity.h(26): message : vea la declaración de 'ecs::Entity'
C:\Users\34690\OneDrive\Documentos\SEGUNDO DE CARRERA\SEGUNDO CUATRIMESTRE\TPV2\Práctica\Asteroids\Práctica\PARTE_2\TPV2\TPV2\src\game\AsteroidsManager.cpp(59,49): error C2059: error de sintaxis: ')'
C:\Users\34690\OneDrive\Documentos\SEGUNDO DE CARRERA\SEGUNDO CUATRIMESTRE\TPV2\Práctica\Asteroids\Práctica\PARTE_2\TPV2\TPV2\src\game\AsteroidsManager.cpp(62,15): error C3536: 'tr': no se puede usar antes de inicializarse
C:\Users\34690\OneDrive\Documentos\SEGUNDO DE CARRERA\SEGUNDO CUATRIMESTRE\TPV2\Práctica\Asteroids\Práctica\PARTE_2\TPV2\TPV2\src\game\AsteroidsManager.cpp(64,16): error C2039: "addComponet": no es un miembro de "ecs::Entity"
C:\Users\34690\OneDrive\Documentos\SEGUNDO DE CARRERA\SEGUNDO CUATRIMESTRE\TPV2\Práctica\Asteroids\Práctica\PARTE_2\TPV2\TPV2\src\ecs\Entity.h(26): message : vea la declaración de 'ecs::Entity'
C:\Users\34690\OneDrive\Documentos\SEGUNDO DE CARRERA\SEGUNDO CUATRIMESTRE\TPV2\Práctica\Asteroids\Práctica\PARTE_2\TPV2\TPV2\src\game\AsteroidsManager.cpp(65,16): error C2039: "addComponet": no es un miembro de "ecs::Entity"
C:\Users\34690\OneDrive\Documentos\SEGUNDO DE CARRERA\SEGUNDO CUATRIMESTRE\TPV2\Práctica\Asteroids\Práctica\PARTE_2\TPV2\TPV2\src\ecs\Entity.h(26): message : vea la declaración de 'ecs::Entity'
C:\Users\34690\OneDrive\Documentos\SEGUNDO DE CARRERA\SEGUNDO CUATRIMESTRE\TPV2\Práctica\Asteroids\Práctica\PARTE_2\TPV2\TPV2\src\game\AsteroidsManager.cpp(65,48): error C2059: error de sintaxis: ')'
C:\Users\34690\OneDrive\Documentos\SEGUNDO DE CARRERA\SEGUNDO CUATRIMESTRE\TPV2\Práctica\Asteroids\Práctica\PARTE_2\TPV2\TPV2\src\game\AsteroidsManager.cpp(66,16): error C2039: "addComponet": no es un miembro de "ecs::Entity"
C:\Users\34690\OneDrive\Documentos\SEGUNDO DE CARRERA\SEGUNDO CUATRIMESTRE\TPV2\Práctica\Asteroids\Práctica\PARTE_2\TPV2\TPV2\src\ecs\Entity.h(26): message : vea la declaración de 'ecs::Entity'
C:\Users\34690\OneDrive\Documentos\SEGUNDO DE CARRERA\SEGUNDO CUATRIMESTRE\TPV2\Práctica\Asteroids\Práctica\PARTE_2\TPV2\TPV2\src\game\AsteroidsManager.cpp(69,20): error C2039: "addComponet": no es un miembro de "ecs::Entity"
C:\Users\34690\OneDrive\Documentos\SEGUNDO DE CARRERA\SEGUNDO CUATRIMESTRE\TPV2\Práctica\Asteroids\Práctica\PARTE_2\TPV2\TPV2\src\ecs\Entity.h(26): message : vea la declaración de 'ecs::Entity'
C:\Users\34690\OneDrive\Documentos\SEGUNDO DE CARRERA\SEGUNDO CUATRIMESTRE\TPV2\Práctica\Asteroids\Práctica\PARTE_2\TPV2\TPV2\src\game\AsteroidsManager.cpp(70,20): error C2039: "addComponet": no es un miembro de "ecs::Entity"
C:\Users\34690\OneDrive\Documentos\SEGUNDO DE CARRERA\SEGUNDO CUATRIMESTRE\TPV2\Práctica\Asteroids\Práctica\PARTE_2\TPV2\TPV2\src\ecs\Entity.h(26): message : vea la declaración de 'ecs::Entity'
C:\Users\34690\OneDrive\Documentos\SEGUNDO DE CARRERA\SEGUNDO CUATRIMESTRE\TPV2\Práctica\Asteroids\Práctica\PARTE_2\TPV2\TPV2\src\game\AsteroidsManager.cpp(84,26): error C2039: "addComponet": no es un miembro de "ecs::Entity"
C:\Users\34690\OneDrive\Documentos\SEGUNDO DE CARRERA\SEGUNDO CUATRIMESTRE\TPV2\Práctica\Asteroids\Práctica\PARTE_2\TPV2\TPV2\src\ecs\Entity.h(26): message : vea la declaración de 'ecs::Entity'
C:\Users\34690\OneDrive\Documentos\SEGUNDO DE CARRERA\SEGUNDO CUATRIMESTRE\TPV2\Práctica\Asteroids\Práctica\PARTE_2\TPV2\TPV2\src\game\AsteroidsManager.cpp(84,49): error C2059: error de sintaxis: ')'
C:\Users\34690\OneDrive\Documentos\SEGUNDO DE CARRERA\SEGUNDO CUATRIMESTRE\TPV2\Práctica\Asteroids\Práctica\PARTE_2\TPV2\TPV2\src\game\AsteroidsManager.cpp(87,15): error C3536: 'tr': no se puede usar antes de inicializarse
C:\Users\34690\OneDrive\Documentos\SEGUNDO DE CARRERA\SEGUNDO CUATRIMESTRE\TPV2\Práctica\Asteroids\Práctica\PARTE_2\TPV2\TPV2\src\game\AsteroidsManager.cpp(89,16): error C2039: "addComponet": no es un miembro de "ecs::Entity"
C:\Users\34690\OneDrive\Documentos\SEGUNDO DE CARRERA\SEGUNDO CUATRIMESTRE\TPV2\Práctica\Asteroids\Práctica\PARTE_2\TPV2\TPV2\src\ecs\Entity.h(26): message : vea la declaración de 'ecs::Entity'
C:\Users\34690\OneDrive\Documentos\SEGUNDO DE CARRERA\SEGUNDO CUATRIMESTRE\TPV2\Práctica\Asteroids\Práctica\PARTE_2\TPV2\TPV2\src\game\AsteroidsManager.cpp(90,16): error C2039: "addComponet": no es un miembro de "ecs::Entity"
C:\Users\34690\OneDrive\Documentos\SEGUNDO DE CARRERA\SEGUNDO CUATRIMESTRE\TPV2\Práctica\Asteroids\Práctica\PARTE_2\TPV2\TPV2\src\ecs\Entity.h(26): message : vea la declaración de 'ecs::Entity'
C:\Users\34690\OneDrive\Documentos\SEGUNDO DE CARRERA\SEGUNDO CUATRIMESTRE\TPV2\Práctica\Asteroids\Práctica\PARTE_2\TPV2\TPV2\src\game\AsteroidsManager.cpp(90,48): error C2059: error de sintaxis: ')'
C:\Users\34690\OneDrive\Documentos\SEGUNDO DE CARRERA\SEGUNDO CUATRIMESTRE\TPV2\Práctica\Asteroids\Práctica\PARTE_2\TPV2\TPV2\src\game\AsteroidsManager.cpp(91,16): error C2039: "addComponet": no es un miembro de "ecs::Entity"
C:\Users\34690\OneDrive\Documentos\SEGUNDO DE CARRERA\SEGUNDO CUATRIMESTRE\TPV2\Práctica\Asteroids\Práctica\PARTE_2\TPV2\TPV2\src\ecs\Entity.h(26): message : vea la declaración de 'ecs::Entity'
C:\Users\34690\OneDrive\Documentos\SEGUNDO DE CARRERA\SEGUNDO CUATRIMESTRE\TPV2\Práctica\Asteroids\Práctica\PARTE_2\TPV2\TPV2\src\game\AsteroidsManager.cpp(94,20): error C2039: "addComponet": no es un miembro de "ecs::Entity"
C:\Users\34690\OneDrive\Documentos\SEGUNDO DE CARRERA\SEGUNDO CUATRIMESTRE\TPV2\Práctica\Asteroids\Práctica\PARTE_2\TPV2\TPV2\src\ecs\Entity.h(26): message : vea la declaración de 'ecs::Entity'
C:\Users\34690\OneDrive\Documentos\SEGUNDO DE CARRERA\SEGUNDO CUATRIMESTRE\TPV2\Práctica\Asteroids\Práctica\PARTE_2\TPV2\TPV2\src\game\AsteroidsManager.cpp(95,20): error C2039: "addComponet": no es un miembro de "ecs::Entity"
C:\Users\34690\OneDrive\Documentos\SEGUNDO DE CARRERA\SEGUNDO CUATRIMESTRE\TPV2\Práctica\Asteroids\Práctica\PARTE_2\TPV2\TPV2\src\ecs\Entity.h(26): message : vea la declaración de 'ecs::Entity'
C:\Users\34690\OneDrive\Documentos\SEGUNDO DE CARRERA\SEGUNDO CUATRIMESTRE\TPV2\Práctica\Asteroids\Práctica\PARTE_2\TPV2\TPV2\src\game\AsteroidsManager.cpp(118,12): error C2039: "setAlive": no es un miembro de "ecs::Entity"
C:\Users\34690\OneDrive\Documentos\SEGUNDO DE CARRERA\SEGUNDO CUATRIMESTRE\TPV2\Práctica\Asteroids\Práctica\PARTE_2\TPV2\TPV2\src\ecs\Entity.h(26): message : vea la declaración de 'ecs::Entity'
C:\Users\34690\OneDrive\Documentos\SEGUNDO DE CARRERA\SEGUNDO CUATRIMESTRE\TPV2\Práctica\Asteroids\Práctica\PARTE_2\TPV2\TPV2\src\game\AsteroidsManager.cpp(126,24): error C2039: "getComponent": no es un miembro de "ecs::Entity"
C:\Users\34690\OneDrive\Documentos\SEGUNDO DE CARRERA\SEGUNDO CUATRIMESTRE\TPV2\Práctica\Asteroids\Práctica\PARTE_2\TPV2\TPV2\src\ecs\Entity.h(26): message : vea la declaración de 'ecs::Entity'
C:\Users\34690\OneDrive\Documentos\SEGUNDO DE CARRERA\SEGUNDO CUATRIMESTRE\TPV2\Práctica\Asteroids\Práctica\PARTE_2\TPV2\TPV2\src\game\AsteroidsManager.cpp(126,50): error C2059: error de sintaxis: ')'
C:\Users\34690\OneDrive\Documentos\SEGUNDO DE CARRERA\SEGUNDO CUATRIMESTRE\TPV2\Práctica\Asteroids\Práctica\PARTE_2\TPV2\TPV2\src\game\AsteroidsManager.cpp(128,20): error C3536: 'asteroid': no se puede usar antes de inicializarse
C:\Users\34690\OneDrive\Documentos\SEGUNDO DE CARRERA\SEGUNDO CUATRIMESTRE\TPV2\Práctica\Asteroids\Práctica\PARTE_2\TPV2\TPV2\src\game\AsteroidsManager.cpp(136,26): error C2039: "getComponent": no es un miembro de "ecs::Entity"
C:\Users\34690\OneDrive\Documentos\SEGUNDO DE CARRERA\SEGUNDO CUATRIMESTRE\TPV2\Práctica\Asteroids\Práctica\PARTE_2\TPV2\TPV2\src\ecs\Entity.h(26): message : vea la declaración de 'ecs::Entity'
C:\Users\34690\OneDrive\Documentos\SEGUNDO DE CARRERA\SEGUNDO CUATRIMESTRE\TPV2\Práctica\Asteroids\Práctica\PARTE_2\TPV2\TPV2\src\game\AsteroidsManager.cpp(136,50): error C2059: error de sintaxis: ')'
C:\Users\34690\OneDrive\Documentos\SEGUNDO DE CARRERA\SEGUNDO CUATRIMESTRE\TPV2\Práctica\Asteroids\Práctica\PARTE_2\TPV2\TPV2\src\game\AsteroidsManager.cpp(139,26): error C3536: 'tr': no se puede usar antes de inicializarse
C:\Users\34690\OneDrive\Documentos\SEGUNDO DE CARRERA\SEGUNDO CUATRIMESTRE\TPV2\Práctica\Asteroids\Práctica\PARTE_2\TPV2\TPV2\src\game\AsteroidsManager.cpp(139,73): error C2672: 'std::max': no se encontró una función sobrecargada que coincida
C:\Users\34690\OneDrive\Documentos\SEGUNDO DE CARRERA\SEGUNDO CUATRIMESTRE\TPV2\Práctica\Asteroids\Práctica\PARTE_2\TPV2\TPV2\src\game\AsteroidsManager.cpp(139,108): error C2780: '_Ty std::max(std::initializer_list<_Elem>,_Pr)': se esperan 2 argumentos; 1 proporcionados
C:\Program Files (x86)\Microsoft Visual Studio\2019\Community\VC\Tools\MSVC\14.29.30133\include\utility(49): message : vea la declaración de 'std::max'
C:\Users\34690\OneDrive\Documentos\SEGUNDO DE CARRERA\SEGUNDO CUATRIMESTRE\TPV2\Práctica\Asteroids\Práctica\PARTE_2\TPV2\TPV2\src\game\AsteroidsManager.cpp(139,108): error C2780: 'const _Ty &std::max(const _Ty &,const _Ty &) noexcept(<expr>)': se esperan 2 argumentos; 1 proporcionados
C:\Program Files (x86)\Microsoft Visual Studio\2019\Community\VC\Tools\MSVC\14.29.30133\include\utility(41): message : vea la declaración de 'std::max'
C:\Users\34690\OneDrive\Documentos\SEGUNDO DE CARRERA\SEGUNDO CUATRIMESTRE\TPV2\Práctica\Asteroids\Práctica\PARTE_2\TPV2\TPV2\src\game\AsteroidsManager.cpp(139,108): error C2780: 'const _Ty &std::max(const _Ty &,const _Ty &,_Pr) noexcept(<expr>)': se esperan 3 argumentos; 1 proporcionados
C:\Program Files (x86)\Microsoft Visual Studio\2019\Community\VC\Tools\MSVC\14.29.30133\include\utility(32): message : vea la declaración de 'std::max'
C:\Users\34690\OneDrive\Documentos\SEGUNDO DE CARRERA\SEGUNDO CUATRIMESTRE\TPV2\Práctica\Asteroids\Práctica\PARTE_2\TPV2\TPV2\src\game\AsteroidsManager.cpp(142,40): error C3536: 'pos': no se puede usar antes de inicializarse
C:\Users\34690\OneDrive\Documentos\SEGUNDO DE CARRERA\SEGUNDO CUATRIMESTRE\TPV2\Práctica\Asteroids\Práctica\PARTE_2\TPV2\TPV2\src\game\AsteroidsManager.cpp(142,45): error C3536: 'vel': no se puede usar antes de inicializarse
C:\Users\34690\OneDrive\Documentos\SEGUNDO DE CARRERA\SEGUNDO CUATRIMESTRE\TPV2\Práctica\Asteroids\Práctica\PARTE_2\TPV2\TPV2\src\game\AsteroidsManager.cpp(142,45): error C2664: 'void AsteroidsManager::createSonAsteroid(int,int,Vector2D,Vector2D)': el argumento 3 no puede convertirse de 'int' a 'Vector2D'
C:\Users\34690\OneDrive\Documentos\SEGUNDO DE CARRERA\SEGUNDO CUATRIMESTRE\TPV2\Práctica\Asteroids\Práctica\PARTE_2\TPV2\TPV2\src\game\AsteroidsManager.cpp(142,45): message : Ningún constructor ha podido aceptar el tipo de origen o bien la resolución de sobrecarga del constructor era ambigua
C:\Users\34690\OneDrive\Documentos\SEGUNDO DE CARRERA\SEGUNDO CUATRIMESTRE\TPV2\Práctica\Asteroids\Práctica\PARTE_2\TPV2\TPV2\src\game\AsteroidsManager.cpp(77,24): message : vea la declaración de 'AsteroidsManager::createSonAsteroid'
C:\Users\34690\OneDrive\Documentos\SEGUNDO DE CARRERA\SEGUNDO CUATRIMESTRE\TPV2\Práctica\Asteroids\Práctica\PARTE_2\TPV2\TPV2\src\game\AsteroidsManager.cpp(146,8): error C2039: "setAlive": no es un miembro de "ecs::Entity"
C:\Users\34690\OneDrive\Documentos\SEGUNDO DE CARRERA\SEGUNDO CUATRIMESTRE\TPV2\Práctica\Asteroids\Práctica\PARTE_2\TPV2\TPV2\src\ecs\Entity.h(26): message : vea la declaración de 'ecs::Entity'
  Game.cpp
C:\Users\34690\OneDrive\Documentos\SEGUNDO DE CARRERA\SEGUNDO CUATRIMESTRE\TPV2\Práctica\Asteroids\Práctica\PARTE_2\TPV2\TPV2\src\game\Game.cpp(45,18): error C2039: "addComponet": no es un miembro de "ecs::Entity"
C:\Users\34690\OneDrive\Documentos\SEGUNDO DE CARRERA\SEGUNDO CUATRIMESTRE\TPV2\Práctica\Asteroids\Práctica\PARTE_2\TPV2\TPV2\src\ecs\Entity.h(26): message : vea la declaración de 'ecs::Entity'
C:\Users\34690\OneDrive\Documentos\SEGUNDO DE CARRERA\SEGUNDO CUATRIMESTRE\TPV2\Práctica\Asteroids\Práctica\PARTE_2\TPV2\TPV2\src\game\Game.cpp(45,41): error C2059: error de sintaxis: ')'
C:\Users\34690\OneDrive\Documentos\SEGUNDO DE CARRERA\SEGUNDO CUATRIMESTRE\TPV2\Práctica\Asteroids\Práctica\PARTE_2\TPV2\TPV2\src\game\Game.cpp(49,4): error C3536: 'tr': no se puede usar antes de inicializarse
C:\Users\34690\OneDrive\Documentos\SEGUNDO DE CARRERA\SEGUNDO CUATRIMESTRE\TPV2\Práctica\Asteroids\Práctica\PARTE_2\TPV2\TPV2\src\game\Game.cpp(50,8): error C2039: "addComponet": no es un miembro de "ecs::Entity"
C:\Users\34690\OneDrive\Documentos\SEGUNDO DE CARRERA\SEGUNDO CUATRIMESTRE\TPV2\Práctica\Asteroids\Práctica\PARTE_2\TPV2\TPV2\src\ecs\Entity.h(26): message : vea la declaración de 'ecs::Entity'
C:\Users\34690\OneDrive\Documentos\SEGUNDO DE CARRERA\SEGUNDO CUATRIMESTRE\TPV2\Práctica\Asteroids\Práctica\PARTE_2\TPV2\TPV2\src\game\Game.cpp(51,8): error C2039: "addComponet": no es un miembro de "ecs::Entity"
C:\Users\34690\OneDrive\Documentos\SEGUNDO DE CARRERA\SEGUNDO CUATRIMESTRE\TPV2\Práctica\Asteroids\Práctica\PARTE_2\TPV2\TPV2\src\ecs\Entity.h(26): message : vea la declaración de 'ecs::Entity'
C:\Users\34690\OneDrive\Documentos\SEGUNDO DE CARRERA\SEGUNDO CUATRIMESTRE\TPV2\Práctica\Asteroids\Práctica\PARTE_2\TPV2\TPV2\src\game\Game.cpp(51,36): error C2059: error de sintaxis: ')'
C:\Users\34690\OneDrive\Documentos\SEGUNDO DE CARRERA\SEGUNDO CUATRIMESTRE\TPV2\Práctica\Asteroids\Práctica\PARTE_2\TPV2\TPV2\src\game\Game.cpp(52,8): error C2039: "addComponet": no es un miembro de "ecs::Entity"
C:\Users\34690\OneDrive\Documentos\SEGUNDO DE CARRERA\SEGUNDO CUATRIMESTRE\TPV2\Práctica\Asteroids\Práctica\PARTE_2\TPV2\TPV2\src\ecs\Entity.h(26): message : vea la declaración de 'ecs::Entity'
C:\Users\34690\OneDrive\Documentos\SEGUNDO DE CARRERA\SEGUNDO CUATRIMESTRE\TPV2\Práctica\Asteroids\Práctica\PARTE_2\TPV2\TPV2\src\game\Game.cpp(52,36): error C2059: error de sintaxis: ')'
C:\Users\34690\OneDrive\Documentos\SEGUNDO DE CARRERA\SEGUNDO CUATRIMESTRE\TPV2\Práctica\Asteroids\Práctica\PARTE_2\TPV2\TPV2\src\game\Game.cpp(53,8): error C2039: "addComponet": no es un miembro de "ecs::Entity"
C:\Users\34690\OneDrive\Documentos\SEGUNDO DE CARRERA\SEGUNDO CUATRIMESTRE\TPV2\Práctica\Asteroids\Práctica\PARTE_2\TPV2\TPV2\src\ecs\Entity.h(26): message : vea la declaración de 'ecs::Entity'
C:\Users\34690\OneDrive\Documentos\SEGUNDO DE CARRERA\SEGUNDO CUATRIMESTRE\TPV2\Práctica\Asteroids\Práctica\PARTE_2\TPV2\TPV2\src\game\Game.cpp(53,40): error C2059: error de sintaxis: ')'
C:\Users\34690\OneDrive\Documentos\SEGUNDO DE CARRERA\SEGUNDO CUATRIMESTRE\TPV2\Práctica\Asteroids\Práctica\PARTE_2\TPV2\TPV2\src\game\Game.cpp(54,8): error C2039: "addComponet": no es un miembro de "ecs::Entity"
C:\Users\34690\OneDrive\Documentos\SEGUNDO DE CARRERA\SEGUNDO CUATRIMESTRE\TPV2\Práctica\Asteroids\Práctica\PARTE_2\TPV2\TPV2\src\ecs\Entity.h(26): message : vea la declaración de 'ecs::Entity'
C:\Users\34690\OneDrive\Documentos\SEGUNDO DE CARRERA\SEGUNDO CUATRIMESTRE\TPV2\Práctica\Asteroids\Práctica\PARTE_2\TPV2\TPV2\src\game\Game.cpp(54,25): error C2059: error de sintaxis: ')'
C:\Users\34690\OneDrive\Documentos\SEGUNDO DE CARRERA\SEGUNDO CUATRIMESTRE\TPV2\Práctica\Asteroids\Práctica\PARTE_2\TPV2\TPV2\src\game\Game.cpp(55,8): error C2039: "addComponet": no es un miembro de "ecs::Entity"
C:\Users\34690\OneDrive\Documentos\SEGUNDO DE CARRERA\SEGUNDO CUATRIMESTRE\TPV2\Práctica\Asteroids\Práctica\PARTE_2\TPV2\TPV2\src\ecs\Entity.h(26): message : vea la declaración de 'ecs::Entity'
C:\Users\34690\OneDrive\Documentos\SEGUNDO DE CARRERA\SEGUNDO CUATRIMESTRE\TPV2\Práctica\Asteroids\Práctica\PARTE_2\TPV2\TPV2\src\game\Game.cpp(55,28): error C2059: error de sintaxis: ')'
C:\Users\34690\OneDrive\Documentos\SEGUNDO DE CARRERA\SEGUNDO CUATRIMESTRE\TPV2\Práctica\Asteroids\Práctica\PARTE_2\TPV2\TPV2\src\game\Game.cpp(61,15): error C2039: "addComponet": no es un miembro de "ecs::Entity"
C:\Users\34690\OneDrive\Documentos\SEGUNDO DE CARRERA\SEGUNDO CUATRIMESTRE\TPV2\Práctica\Asteroids\Práctica\PARTE_2\TPV2\TPV2\src\ecs\Entity.h(26): message : vea la declaración de 'ecs::Entity'
C:\Users\34690\OneDrive\Documentos\SEGUNDO DE CARRERA\SEGUNDO CUATRIMESTRE\TPV2\Práctica\Asteroids\Práctica\PARTE_2\TPV2\TPV2\src\game\Game.cpp(61,34): error C2059: error de sintaxis: ')'
C:\Users\34690\OneDrive\Documentos\SEGUNDO DE CARRERA\SEGUNDO CUATRIMESTRE\TPV2\Práctica\Asteroids\Práctica\PARTE_2\TPV2\TPV2\src\game\Game.cpp(62,15): error C2039: "addComponet": no es un miembro de "ecs::Entity"
C:\Users\34690\OneDrive\Documentos\SEGUNDO DE CARRERA\SEGUNDO CUATRIMESTRE\TPV2\Práctica\Asteroids\Práctica\PARTE_2\TPV2\TPV2\src\ecs\Entity.h(26): message : vea la declaración de 'ecs::Entity'
C:\Users\34690\OneDrive\Documentos\SEGUNDO DE CARRERA\SEGUNDO CUATRIMESTRE\TPV2\Práctica\Asteroids\Práctica\PARTE_2\TPV2\TPV2\src\game\Game.cpp(71,58): error C2039: "getComponent": no es un miembro de "ecs::Entity"
C:\Users\34690\OneDrive\Documentos\SEGUNDO DE CARRERA\SEGUNDO CUATRIMESTRE\TPV2\Práctica\Asteroids\Práctica\PARTE_2\TPV2\TPV2\src\ecs\Entity.h(26): message : vea la declaración de 'ecs::Entity'
C:\Users\34690\OneDrive\Documentos\SEGUNDO DE CARRERA\SEGUNDO CUATRIMESTRE\TPV2\Práctica\Asteroids\Práctica\PARTE_2\TPV2\TPV2\src\game\Game.cpp(71,78): error C2059: error de sintaxis: ')'
C:\Users\34690\OneDrive\Documentos\SEGUNDO DE CARRERA\SEGUNDO CUATRIMESTRE\TPV2\Práctica\Asteroids\Práctica\PARTE_2\TPV2\TPV2\src\game\Game.cpp(83,10): error C2039: "update": no es un miembro de "ecs::Manager"
C:\Users\34690\OneDrive\Documentos\SEGUNDO DE CARRERA\SEGUNDO CUATRIMESTRE\TPV2\Práctica\Asteroids\Práctica\PARTE_2\TPV2\TPV2\src\game\Game.h(8): message : vea la declaración de 'ecs::Manager'
C:\Users\34690\OneDrive\Documentos\SEGUNDO DE CARRERA\SEGUNDO CUATRIMESTRE\TPV2\Práctica\Asteroids\Práctica\PARTE_2\TPV2\TPV2\src\game\Game.cpp(85,6): error C3536: 'gmanager': no se puede usar antes de inicializarse
C:\Users\34690\OneDrive\Documentos\SEGUNDO DE CARRERA\SEGUNDO CUATRIMESTRE\TPV2\Práctica\Asteroids\Práctica\PARTE_2\TPV2\TPV2\src\game\Game.cpp(91,10): error C2039: "render": no es un miembro de "ecs::Manager"
C:\Users\34690\OneDrive\Documentos\SEGUNDO DE CARRERA\SEGUNDO CUATRIMESTRE\TPV2\Práctica\Asteroids\Práctica\PARTE_2\TPV2\TPV2\src\game\Game.h(8): message : vea la declaración de 'ecs::Manager'
C:\Users\34690\OneDrive\Documentos\SEGUNDO DE CARRERA\SEGUNDO CUATRIMESTRE\TPV2\Práctica\Asteroids\Práctica\PARTE_2\TPV2\TPV2\src\game\Game.cpp(106,49): error C2039: "getComponent": no es un miembro de "ecs::Entity"
C:\Users\34690\OneDrive\Documentos\SEGUNDO DE CARRERA\SEGUNDO CUATRIMESTRE\TPV2\Práctica\Asteroids\Práctica\PARTE_2\TPV2\TPV2\src\ecs\Entity.h(26): message : vea la declaración de 'ecs::Entity'
C:\Users\34690\OneDrive\Documentos\SEGUNDO DE CARRERA\SEGUNDO CUATRIMESTRE\TPV2\Práctica\Asteroids\Práctica\PARTE_2\TPV2\TPV2\src\game\Game.cpp(106,73): error C2059: error de sintaxis: ')'
C:\Users\34690\OneDrive\Documentos\SEGUNDO DE CARRERA\SEGUNDO CUATRIMESTRE\TPV2\Práctica\Asteroids\Práctica\PARTE_2\TPV2\TPV2\src\game\Game.cpp(107,54): error C2039: "getComponent": no es un miembro de "ecs::Entity"
C:\Users\34690\OneDrive\Documentos\SEGUNDO DE CARRERA\SEGUNDO CUATRIMESTRE\TPV2\Práctica\Asteroids\Práctica\PARTE_2\TPV2\TPV2\src\ecs\Entity.h(26): message : vea la declaración de 'ecs::Entity'
C:\Users\34690\OneDrive\Documentos\SEGUNDO DE CARRERA\SEGUNDO CUATRIMESTRE\TPV2\Práctica\Asteroids\Práctica\PARTE_2\TPV2\TPV2\src\game\Game.cpp(107,75): error C2059: error de sintaxis: ')'
C:\Users\34690\OneDrive\Documentos\SEGUNDO DE CARRERA\SEGUNDO CUATRIMESTRE\TPV2\Práctica\Asteroids\Práctica\PARTE_2\TPV2\TPV2\src\game\Game.cpp(118,10): error C2039: "isAlive": no es un miembro de "ecs::Entity"
C:\Users\34690\OneDrive\Documentos\SEGUNDO DE CARRERA\SEGUNDO CUATRIMESTRE\TPV2\Práctica\Asteroids\Práctica\PARTE_2\TPV2\TPV2\src\ecs\Entity.h(26): message : vea la declaración de 'ecs::Entity'
C:\Users\34690\OneDrive\Documentos\SEGUNDO DE CARRERA\SEGUNDO CUATRIMESTRE\TPV2\Práctica\Asteroids\Práctica\PARTE_2\TPV2\TPV2\src\game\Game.cpp(120,18): error C2039: "getComponent": no es un miembro de "ecs::Entity"
C:\Users\34690\OneDrive\Documentos\SEGUNDO DE CARRERA\SEGUNDO CUATRIMESTRE\TPV2\Práctica\Asteroids\Práctica\PARTE_2\TPV2\TPV2\src\ecs\Entity.h(26): message : vea la declaración de 'ecs::Entity'
C:\Users\34690\OneDrive\Documentos\SEGUNDO DE CARRERA\SEGUNDO CUATRIMESTRE\TPV2\Práctica\Asteroids\Práctica\PARTE_2\TPV2\TPV2\src\game\Game.cpp(120,42): error C2059: error de sintaxis: ')'
C:\Users\34690\OneDrive\Documentos\SEGUNDO DE CARRERA\SEGUNDO CUATRIMESTRE\TPV2\Práctica\Asteroids\Práctica\PARTE_2\TPV2\TPV2\src\game\Game.cpp(122,7): error C3536: 'pTR': no se puede usar antes de inicializarse
C:\Users\34690\OneDrive\Documentos\SEGUNDO DE CARRERA\SEGUNDO CUATRIMESTRE\TPV2\Práctica\Asteroids\Práctica\PARTE_2\TPV2\TPV2\src\game\Game.cpp(124,1): error C3536: 'eTR': no se puede usar antes de inicializarse
C:\Users\34690\OneDrive\Documentos\SEGUNDO DE CARRERA\SEGUNDO CUATRIMESTRE\TPV2\Práctica\Asteroids\Práctica\PARTE_2\TPV2\TPV2\src\game\Game.cpp(122,20): error C2660: 'Collisions::collidesWithRotation': la función no acepta 1 argumentos
C:\Users\34690\OneDrive\Documentos\SEGUNDO DE CARRERA\SEGUNDO CUATRIMESTRE\TPV2\Práctica\Asteroids\Práctica\PARTE_2\TPV2\TPV2\src\utils\Collisions.h(18,14): message : vea la declaración de 'Collisions::collidesWithRotation'
C:\Users\34690\OneDrive\Documentos\SEGUNDO DE CARRERA\SEGUNDO CUATRIMESTRE\TPV2\Práctica\Asteroids\Práctica\PARTE_2\TPV2\TPV2\src\game\Game.cpp(128,13): error C3536: 'cazavida': no se puede usar antes de inicializarse
C:\Users\34690\OneDrive\Documentos\SEGUNDO DE CARRERA\SEGUNDO CUATRIMESTRE\TPV2\Práctica\Asteroids\Práctica\PARTE_2\TPV2\TPV2\src\game\Game.cpp(133,25): error C3536: 'x': no se puede usar antes de inicializarse
C:\Users\34690\OneDrive\Documentos\SEGUNDO DE CARRERA\SEGUNDO CUATRIMESTRE\TPV2\Práctica\Asteroids\Práctica\PARTE_2\TPV2\TPV2\src\game\Game.cpp(133,28): error C3536: 'y': no se puede usar antes de inicializarse
C:\Users\34690\OneDrive\Documentos\SEGUNDO DE CARRERA\SEGUNDO CUATRIMESTRE\TPV2\Práctica\Asteroids\Práctica\PARTE_2\TPV2\TPV2\src\game\Game.cpp(133,27): warning C4244: 'argumento': conversión de 'int' a 'float'; posible pérdida de datos
C:\Users\34690\OneDrive\Documentos\SEGUNDO DE CARRERA\SEGUNDO CUATRIMESTRE\TPV2\Práctica\Asteroids\Práctica\PARTE_2\TPV2\TPV2\src\game\Game.cpp(133,24): warning C4244: 'argumento': conversión de 'int' a 'float'; posible pérdida de datos
C:\Users\34690\OneDrive\Documentos\SEGUNDO DE CARRERA\SEGUNDO CUATRIMESTRE\TPV2\Práctica\Asteroids\Práctica\PARTE_2\TPV2\TPV2\src\game\Game.cpp(135,61): error C2039: "getComponent": no es un miembro de "ecs::Entity"
C:\Users\34690\OneDrive\Documentos\SEGUNDO DE CARRERA\SEGUNDO CUATRIMESTRE\TPV2\Práctica\Asteroids\Práctica\PARTE_2\TPV2\TPV2\src\ecs\Entity.h(26): message : vea la declaración de 'ecs::Entity'
C:\Users\34690\OneDrive\Documentos\SEGUNDO DE CARRERA\SEGUNDO CUATRIMESTRE\TPV2\Práctica\Asteroids\Práctica\PARTE_2\TPV2\TPV2\src\game\Game.cpp(135,81): error C2059: error de sintaxis: ')'
C:\Users\34690\OneDrive\Documentos\SEGUNDO DE CARRERA\SEGUNDO CUATRIMESTRE\TPV2\Práctica\Asteroids\Práctica\PARTE_2\TPV2\TPV2\src\game\Game.cpp(137,14): error C3536: 'gmanager': no se puede usar antes de inicializarse
C:\Users\34690\OneDrive\Documentos\SEGUNDO DE CARRERA\SEGUNDO CUATRIMESTRE\TPV2\Práctica\Asteroids\Práctica\PARTE_2\TPV2\TPV2\src\game\Game.cpp(148,10): error C2039: "isAlive": no es un miembro de "ecs::Entity"
C:\Users\34690\OneDrive\Documentos\SEGUNDO DE CARRERA\SEGUNDO CUATRIMESTRE\TPV2\Práctica\Asteroids\Práctica\PARTE_2\TPV2\TPV2\src\ecs\Entity.h(26): message : vea la declaración de 'ecs::Entity'
C:\Users\34690\OneDrive\Documentos\SEGUNDO DE CARRERA\SEGUNDO CUATRIMESTRE\TPV2\Práctica\Asteroids\Práctica\PARTE_2\TPV2\TPV2\src\game\Game.cpp(151,12): error C2039: "isAlive": no es un miembro de "ecs::Entity"
C:\Users\34690\OneDrive\Documentos\SEGUNDO DE CARRERA\SEGUNDO CUATRIMESTRE\TPV2\Práctica\Asteroids\Práctica\PARTE_2\TPV2\TPV2\src\ecs\Entity.h(26): message : vea la declaración de 'ecs::Entity'
C:\Users\34690\OneDrive\Documentos\SEGUNDO DE CARRERA\SEGUNDO CUATRIMESTRE\TPV2\Práctica\Asteroids\Práctica\PARTE_2\TPV2\TPV2\src\game\Game.cpp(153,20): error C2039: "getComponent": no es un miembro de "ecs::Entity"
C:\Users\34690\OneDrive\Documentos\SEGUNDO DE CARRERA\SEGUNDO CUATRIMESTRE\TPV2\Práctica\Asteroids\Práctica\PARTE_2\TPV2\TPV2\src\ecs\Entity.h(26): message : vea la declaración de 'ecs::Entity'
C:\Users\34690\OneDrive\Documentos\SEGUNDO DE CARRERA\SEGUNDO CUATRIMESTRE\TPV2\Práctica\Asteroids\Práctica\PARTE_2\TPV2\TPV2\src\game\Game.cpp(153,44): error C2059: error de sintaxis: ')'
C:\Users\34690\OneDrive\Documentos\SEGUNDO DE CARRERA\SEGUNDO CUATRIMESTRE\TPV2\Práctica\Asteroids\Práctica\PARTE_2\TPV2\TPV2\src\game\Game.cpp(155,20): error C2039: "getComponent": no es un miembro de "ecs::Entity"
C:\Users\34690\OneDrive\Documentos\SEGUNDO DE CARRERA\SEGUNDO CUATRIMESTRE\TPV2\Práctica\Asteroids\Práctica\PARTE_2\TPV2\TPV2\src\ecs\Entity.h(26): message : vea la declaración de 'ecs::Entity'
C:\Users\34690\OneDrive\Documentos\SEGUNDO DE CARRERA\SEGUNDO CUATRIMESTRE\TPV2\Práctica\Asteroids\Práctica\PARTE_2\TPV2\TPV2\src\game\Game.cpp(155,44): error C2059: error de sintaxis: ')'
C:\Users\34690\OneDrive\Documentos\SEGUNDO DE CARRERA\SEGUNDO CUATRIMESTRE\TPV2\Práctica\Asteroids\Práctica\PARTE_2\TPV2\TPV2\src\game\Game.cpp(158,9): error C3536: 'eTR': no se puede usar antes de inicializarse
C:\Users\34690\OneDrive\Documentos\SEGUNDO DE CARRERA\SEGUNDO CUATRIMESTRE\TPV2\Práctica\Asteroids\Práctica\PARTE_2\TPV2\TPV2\src\game\Game.cpp(160,1): error C3536: 'bTR': no se puede usar antes de inicializarse
C:\Users\34690\OneDrive\Documentos\SEGUNDO DE CARRERA\SEGUNDO CUATRIMESTRE\TPV2\Práctica\Asteroids\Práctica\PARTE_2\TPV2\TPV2\src\game\Game.cpp(158,22): error C2660: 'Collisions::collidesWithRotation': la función no acepta 1 argumentos
C:\Users\34690\OneDrive\Documentos\SEGUNDO DE CARRERA\SEGUNDO CUATRIMESTRE\TPV2\Práctica\Asteroids\Práctica\PARTE_2\TPV2\TPV2\src\utils\Collisions.h(18,14): message : vea la declaración de 'Collisions::collidesWithRotation'
C:\Users\34690\OneDrive\Documentos\SEGUNDO DE CARRERA\SEGUNDO CUATRIMESTRE\TPV2\Práctica\Asteroids\Práctica\PARTE_2\TPV2\TPV2\src\game\Game.cpp(161,10): error C2039: "setAlive": no es un miembro de "ecs::Entity"
C:\Users\34690\OneDrive\Documentos\SEGUNDO DE CARRERA\SEGUNDO CUATRIMESTRE\TPV2\Práctica\Asteroids\Práctica\PARTE_2\TPV2\TPV2\src\ecs\Entity.h(26): message : vea la declaración de 'ecs::Entity'
C:\Users\34690\OneDrive\Documentos\SEGUNDO DE CARRERA\SEGUNDO CUATRIMESTRE\TPV2\Práctica\Asteroids\Práctica\PARTE_2\TPV2\TPV2\src\game\Game.cpp(165,64): error C2039: "getComponent": no es un miembro de "ecs::Entity"
C:\Users\34690\OneDrive\Documentos\SEGUNDO DE CARRERA\SEGUNDO CUATRIMESTRE\TPV2\Práctica\Asteroids\Práctica\PARTE_2\TPV2\TPV2\src\ecs\Entity.h(26): message : vea la declaración de 'ecs::Entity'
C:\Users\34690\OneDrive\Documentos\SEGUNDO DE CARRERA\SEGUNDO CUATRIMESTRE\TPV2\Práctica\Asteroids\Práctica\PARTE_2\TPV2\TPV2\src\game\Game.cpp(165,84): error C2059: error de sintaxis: ')'
C:\Users\34690\OneDrive\Documentos\SEGUNDO DE CARRERA\SEGUNDO CUATRIMESTRE\TPV2\Práctica\Asteroids\Práctica\PARTE_2\TPV2\TPV2\src\game\Game.cpp(169,28): error C3536: 'x': no se puede usar antes de inicializarse
C:\Users\34690\OneDrive\Documentos\SEGUNDO DE CARRERA\SEGUNDO CUATRIMESTRE\TPV2\Práctica\Asteroids\Práctica\PARTE_2\TPV2\TPV2\src\game\Game.cpp(169,31): error C3536: 'y': no se puede usar antes de inicializarse
C:\Users\34690\OneDrive\Documentos\SEGUNDO DE CARRERA\SEGUNDO CUATRIMESTRE\TPV2\Práctica\Asteroids\Práctica\PARTE_2\TPV2\TPV2\src\game\Game.cpp(169,30): warning C4244: 'argumento': conversión de 'int' a 'float'; posible pérdida de datos
C:\Users\34690\OneDrive\Documentos\SEGUNDO DE CARRERA\SEGUNDO CUATRIMESTRE\TPV2\Práctica\Asteroids\Práctica\PARTE_2\TPV2\TPV2\src\game\Game.cpp(169,27): warning C4244: 'argumento': conversión de 'int' a 'float'; posible pérdida de datos
C:\Users\34690\OneDrive\Documentos\SEGUNDO DE CARRERA\SEGUNDO CUATRIMESTRE\TPV2\Práctica\Asteroids\Práctica\PARTE_2\TPV2\TPV2\src\game\Game.cpp(170,16): error C3536: 'gmanager': no se puede usar antes de inicializarse
  main.cpp
  FighterSystem.cpp
  Generando código...
