c:\users\miria\desktop\segundo\2ºcuatri\tpv2\pract1asteroid\tpv2\tpv2\x64\debug\vc142.pdb
c:\users\miria\desktop\segundo\2ºcuatri\tpv2\pract1asteroid\tpv2\tpv2\x64\debug\vc142.idb
c:\users\miria\desktop\segundo\2ºcuatri\tpv2\pract1asteroid\tpv2\tpv2\x64\debug\main.obj
c:\users\miria\desktop\segundo\2ºcuatri\tpv2\pract1asteroid\tpv2\tpv2\x64\debug\json_demo.obj
c:\users\miria\desktop\segundo\2ºcuatri\tpv2\pract1asteroid\tpv2\tpv2\x64\debug\jsonvalue.obj
c:\users\miria\desktop\segundo\2ºcuatri\tpv2\pract1asteroid\tpv2\tpv2\x64\debug\json.obj
c:\users\miria\desktop\segundo\2ºcuatri\tpv2\pract1asteroid\tpv2\tpv2\x64\debug\game.obj
c:\users\miria\desktop\segundo\2ºcuatri\tpv2\pract1asteroid\tpv2\tpv2\x64\debug\asteroidsmanager.obj
c:\users\miria\desktop\segundo\2ºcuatri\tpv2\pract1asteroid\tpv2\tpv2\x64\debug\manager.obj
c:\users\miria\desktop\segundo\2ºcuatri\tpv2\pract1asteroid\tpv2\tpv2\x64\debug\stoponborders.obj
c:\users\miria\desktop\segundo\2ºcuatri\tpv2\pract1asteroid\tpv2\tpv2\x64\debug\state.obj
c:\users\miria\desktop\segundo\2ºcuatri\tpv2\pract1asteroid\tpv2\tpv2\x64\debug\showatopposideside.obj
c:\users\miria\desktop\segundo\2ºcuatri\tpv2\pract1asteroid\tpv2\tpv2\x64\debug\fightercontrol.obj
c:\users\miria\desktop\segundo\2ºcuatri\tpv2\pract1asteroid\tpv2\tpv2\x64\debug\image.obj
c:\users\miria\desktop\segundo\2ºcuatri\tpv2\pract1asteroid\tpv2\tpv2\x64\debug\health.obj
c:\users\miria\desktop\segundo\2ºcuatri\tpv2\pract1asteroid\tpv2\tpv2\x64\debug\gun.obj
c:\users\miria\desktop\segundo\2ºcuatri\tpv2\pract1asteroid\tpv2\tpv2\x64\debug\generations.obj
c:\users\miria\desktop\segundo\2ºcuatri\tpv2\pract1asteroid\tpv2\tpv2\x64\debug\gamectrl.obj
c:\users\miria\desktop\segundo\2ºcuatri\tpv2\pract1asteroid\tpv2\tpv2\x64\debug\framedimage.obj
c:\users\miria\desktop\segundo\2ºcuatri\tpv2\pract1asteroid\tpv2\tpv2\x64\debug\follow.obj
c:\users\miria\desktop\segundo\2ºcuatri\tpv2\pract1asteroid\tpv2\tpv2\x64\debug\disableonexit.obj
c:\users\miria\desktop\segundo\2ºcuatri\tpv2\pract1asteroid\tpv2\tpv2\x64\debug\deacceleration.obj
c:\users\miria\desktop\segundo\2ºcuatri\tpv2\pract1asteroid\tpv2\tpv2\x64\debug\vector2d.obj
c:\users\miria\desktop\segundo\2ºcuatri\tpv2\pract1asteroid\tpv2\tpv2\x64\debug\collisions.obj
c:\users\miria\desktop\segundo\2ºcuatri\tpv2\pract1asteroid\tpv2\tpv2\x64\debug\texture.obj
c:\users\miria\desktop\segundo\2ºcuatri\tpv2\pract1asteroid\tpv2\tpv2\x64\debug\soundeffect.obj
c:\users\miria\desktop\segundo\2ºcuatri\tpv2\pract1asteroid\tpv2\tpv2\x64\debug\sdlutils_demo.obj
c:\users\miria\desktop\segundo\2ºcuatri\tpv2\pract1asteroid\tpv2\tpv2\x64\debug\sdlutils.obj
c:\users\miria\desktop\segundo\2ºcuatri\tpv2\pract1asteroid\tpv2\tpv2\x64\debug\randomnumbergenerator.obj
c:\users\miria\desktop\segundo\2ºcuatri\tpv2\pract1asteroid\tpv2\bin\tpv2debug.ilk
c:\users\miria\desktop\segundo\2ºcuatri\tpv2\pract1asteroid\tpv2\bin\tpv2debug.exe
c:\users\miria\desktop\segundo\2ºcuatri\tpv2\pract1asteroid\tpv2\bin\tpv2debug.pdb
c:\users\miria\desktop\segundo\2ºcuatri\tpv2\pract1asteroid\tpv2\tpv2\x64\debug\tpv2.tlog\cl.command.1.tlog
c:\users\miria\desktop\segundo\2ºcuatri\tpv2\pract1asteroid\tpv2\tpv2\x64\debug\tpv2.tlog\cl.read.1.tlog
c:\users\miria\desktop\segundo\2ºcuatri\tpv2\pract1asteroid\tpv2\tpv2\x64\debug\tpv2.tlog\cl.write.1.tlog
c:\users\miria\desktop\segundo\2ºcuatri\tpv2\pract1asteroid\tpv2\tpv2\x64\debug\tpv2.tlog\link.command.1.tlog
c:\users\miria\desktop\segundo\2ºcuatri\tpv2\pract1asteroid\tpv2\tpv2\x64\debug\tpv2.tlog\link.read.1.tlog
c:\users\miria\desktop\segundo\2ºcuatri\tpv2\pract1asteroid\tpv2\tpv2\x64\debug\tpv2.tlog\link.write.1.tlog
